TN:
SF:C:\WWWR00T\otus\repo\homework-4\src\runner.js
FN:3,help
FN:7,runner
FN:12,(anonymous_2)
FNF:3
FNH:3
FNDA:1,help
FNDA:3,runner
FNDA:2,(anonymous_2)
DA:2,1
DA:4,1
DA:5,1
DA:9,3
DA:10,1
DA:12,2
DA:13,2
DA:14,2
DA:15,2
DA:18,2
DA:19,0
DA:21,2
DA:22,2
DA:28,1
LF:14
LH:13
BRDA:9,0,0,1
BRDA:9,0,1,2
BRDA:14,1,0,2
BRDA:14,1,1,0
BRDA:18,2,0,0
BRDA:18,2,1,2
BRF:6
BRH:4
end_of_record
TN:
SF:C:\WWWR00T\otus\repo\homework-4\src\scan.js
FN:5,fixSlash
FN:9,scan
FN:16,scanFolder
FN:18,(anonymous_3)
FN:22,(anonymous_4)
FN:30,(anonymous_5)
FN:31,(anonymous_6)
FN:33,(anonymous_7)
FN:34,(anonymous_8)
FN:38,(anonymous_9)
FN:39,(anonymous_10)
FN:45,(anonymous_11)
FNF:12
FNH:12
FNDA:18,fixSlash
FNDA:4,scan
FNDA:8,scanFolder
FNDA:8,(anonymous_3)
FNDA:8,(anonymous_4)
FNDA:14,(anonymous_5)
FNDA:10,(anonymous_6)
FNDA:14,(anonymous_7)
FNDA:4,(anonymous_8)
FNDA:4,(anonymous_9)
FNDA:4,(anonymous_10)
FNDA:6,(anonymous_11)
DA:1,2
DA:2,2
DA:6,18
DA:10,4
DA:17,8
DA:18,8
DA:19,8
DA:22,8
DA:23,8
DA:24,2
DA:26,8
DA:27,2
DA:29,6
DA:30,14
DA:31,10
DA:32,6
DA:33,14
DA:34,4
DA:36,6
DA:37,6
DA:39,4
DA:40,4
DA:45,6
DA:50,4
DA:53,2
LF:25
LH:25
BRDA:23,0,0,2
BRDA:23,0,1,6
BRDA:26,1,0,2
BRDA:26,1,1,6
BRF:4
BRH:4
end_of_record
