{"C:\\WWWR00T\\otus\\repo\\homework-6\\src\\datasources.js": {"path":"C:\\WWWR00T\\otus\\repo\\homework-6\\src\\datasources.js","statementMap":{"0":{"start":{"line":9,"column":11},"end":{"line":9,"column":34}},"1":{"start":{"line":10,"column":13},"end":{"line":10,"column":28}},"2":{"start":{"line":11,"column":18},"end":{"line":11,"column":95}},"3":{"start":{"line":12,"column":19},"end":{"line":12,"column":97}},"4":{"start":{"line":13,"column":17},"end":{"line":13,"column":93}},"5":{"start":{"line":14,"column":15},"end":{"line":14,"column":89}},"6":{"start":{"line":16,"column":22},"end":{"line":19,"column":2}},"7":{"start":{"line":21,"column":0},"end":{"line":27,"column":1}}},"fnMap":{},"branchMap":{},"s":{"0":4,"1":4,"2":4,"3":4,"4":4,"5":4,"6":4,"7":4},"f":{},"b":{},"_coverageSchema":"332fd63041d2c1bcb487cc26dd0d5f7d97098a6c","hash":"50d9c6070b6ebfe333e000856e370d13c47f9a33"}
,"C:\\WWWR00T\\otus\\repo\\homework-6\\src\\mutations.js": {"path":"C:\\WWWR00T\\otus\\repo\\homework-6\\src\\mutations.js","statementMap":{"0":{"start":{"line":4,"column":55},"end":{"line":4,"column":79}},"1":{"start":{"line":5,"column":33},"end":{"line":5,"column":51}},"2":{"start":{"line":6,"column":15},"end":{"line":6,"column":33}},"3":{"start":{"line":9,"column":23},"end":{"line":15,"column":3}},"4":{"start":{"line":16,"column":2},"end":{"line":16,"column":38}},"5":{"start":{"line":17,"column":2},"end":{"line":17,"column":27}},"6":{"start":{"line":21,"column":2},"end":{"line":23,"column":3}},"7":{"start":{"line":22,"column":4},"end":{"line":22,"column":44}},"8":{"start":{"line":24,"column":23},"end":{"line":24,"column":61}},"9":{"start":{"line":25,"column":29},"end":{"line":25,"column":41}},"10":{"start":{"line":26,"column":38},"end":{"line":29,"column":4}},"11":{"start":{"line":30,"column":2},"end":{"line":30,"column":17}},"12":{"start":{"line":34,"column":2},"end":{"line":36,"column":3}},"13":{"start":{"line":35,"column":4},"end":{"line":35,"column":44}},"14":{"start":{"line":37,"column":20},"end":{"line":41,"column":3}},"15":{"start":{"line":42,"column":2},"end":{"line":42,"column":33}},"16":{"start":{"line":46,"column":2},"end":{"line":48,"column":3}},"17":{"start":{"line":47,"column":4},"end":{"line":47,"column":44}},"18":{"start":{"line":49,"column":18},"end":{"line":49,"column":35}},"19":{"start":{"line":50,"column":20},"end":{"line":50,"column":39}},"20":{"start":{"line":51,"column":19},"end":{"line":51,"column":37}},"21":{"start":{"line":52,"column":21},"end":{"line":52,"column":37}},"22":{"start":{"line":54,"column":16},"end":{"line":54,"column":76}},"23":{"start":{"line":55,"column":2},"end":{"line":57,"column":3}},"24":{"start":{"line":56,"column":4},"end":{"line":56,"column":43}},"25":{"start":{"line":59,"column":18},"end":{"line":59,"column":60}},"26":{"start":{"line":60,"column":2},"end":{"line":62,"column":3}},"27":{"start":{"line":61,"column":4},"end":{"line":61,"column":45}},"28":{"start":{"line":63,"column":16},"end":{"line":63,"column":29}},"29":{"start":{"line":65,"column":27},"end":{"line":70,"column":3}},"30":{"start":{"line":71,"column":2},"end":{"line":71,"column":40}},"31":{"start":{"line":72,"column":2},"end":{"line":72,"column":44}},"32":{"start":{"line":76,"column":2},"end":{"line":78,"column":3}},"33":{"start":{"line":77,"column":4},"end":{"line":77,"column":44}},"34":{"start":{"line":79,"column":18},"end":{"line":79,"column":35}},"35":{"start":{"line":80,"column":20},"end":{"line":80,"column":39}},"36":{"start":{"line":81,"column":19},"end":{"line":81,"column":37}},"37":{"start":{"line":82,"column":21},"end":{"line":82,"column":37}},"38":{"start":{"line":84,"column":16},"end":{"line":84,"column":66}},"39":{"start":{"line":85,"column":2},"end":{"line":87,"column":3}},"40":{"start":{"line":86,"column":4},"end":{"line":86,"column":43}},"41":{"start":{"line":89,"column":18},"end":{"line":89,"column":60}},"42":{"start":{"line":90,"column":2},"end":{"line":92,"column":3}},"43":{"start":{"line":91,"column":4},"end":{"line":91,"column":45}},"44":{"start":{"line":93,"column":16},"end":{"line":93,"column":29}},"45":{"start":{"line":95,"column":27},"end":{"line":100,"column":3}},"46":{"start":{"line":101,"column":2},"end":{"line":105,"column":3}},"47":{"start":{"line":106,"column":2},"end":{"line":106,"column":44}},"48":{"start":{"line":110,"column":2},"end":{"line":112,"column":3}},"49":{"start":{"line":111,"column":4},"end":{"line":111,"column":44}},"50":{"start":{"line":113,"column":18},"end":{"line":113,"column":25}},"51":{"start":{"line":114,"column":21},"end":{"line":114,"column":37}},"52":{"start":{"line":115,"column":19},"end":{"line":115,"column":79}},"53":{"start":{"line":116,"column":2},"end":{"line":118,"column":3}},"54":{"start":{"line":117,"column":4},"end":{"line":117,"column":43}},"55":{"start":{"line":119,"column":2},"end":{"line":119,"column":31}},"56":{"start":{"line":120,"column":38},"end":{"line":124,"column":3}},"57":{"start":{"line":125,"column":2},"end":{"line":125,"column":44}},"58":{"start":{"line":128,"column":0},"end":{"line":135,"column":1}}},"fnMap":{"0":{"name":"register","decl":{"start":{"line":8,"column":15},"end":{"line":8,"column":23}},"loc":{"start":{"line":8,"column":47},"end":{"line":18,"column":1}},"line":8},"1":{"name":"updateProfile","decl":{"start":{"line":20,"column":15},"end":{"line":20,"column":28}},"loc":{"start":{"line":20,"column":52},"end":{"line":31,"column":1}},"line":20},"2":{"name":"createOrder","decl":{"start":{"line":33,"column":15},"end":{"line":33,"column":26}},"loc":{"start":{"line":33,"column":50},"end":{"line":43,"column":1}},"line":33},"3":{"name":"addOrderProduct","decl":{"start":{"line":45,"column":15},"end":{"line":45,"column":30}},"loc":{"start":{"line":45,"column":54},"end":{"line":73,"column":1}},"line":45},"4":{"name":"changeOrderProduct","decl":{"start":{"line":75,"column":15},"end":{"line":75,"column":33}},"loc":{"start":{"line":75,"column":57},"end":{"line":107,"column":1}},"line":75},"5":{"name":"confirmOrder","decl":{"start":{"line":109,"column":15},"end":{"line":109,"column":27}},"loc":{"start":{"line":109,"column":51},"end":{"line":126,"column":1}},"line":109}},"branchMap":{"0":{"loc":{"start":{"line":21,"column":2},"end":{"line":23,"column":3}},"type":"if","locations":[{"start":{"line":21,"column":2},"end":{"line":23,"column":3}},{"start":{"line":21,"column":2},"end":{"line":23,"column":3}}],"line":21},"1":{"loc":{"start":{"line":34,"column":2},"end":{"line":36,"column":3}},"type":"if","locations":[{"start":{"line":34,"column":2},"end":{"line":36,"column":3}},{"start":{"line":34,"column":2},"end":{"line":36,"column":3}}],"line":34},"2":{"loc":{"start":{"line":46,"column":2},"end":{"line":48,"column":3}},"type":"if","locations":[{"start":{"line":46,"column":2},"end":{"line":48,"column":3}},{"start":{"line":46,"column":2},"end":{"line":48,"column":3}}],"line":46},"3":{"loc":{"start":{"line":55,"column":2},"end":{"line":57,"column":3}},"type":"if","locations":[{"start":{"line":55,"column":2},"end":{"line":57,"column":3}},{"start":{"line":55,"column":2},"end":{"line":57,"column":3}}],"line":55},"4":{"loc":{"start":{"line":60,"column":2},"end":{"line":62,"column":3}},"type":"if","locations":[{"start":{"line":60,"column":2},"end":{"line":62,"column":3}},{"start":{"line":60,"column":2},"end":{"line":62,"column":3}}],"line":60},"5":{"loc":{"start":{"line":76,"column":2},"end":{"line":78,"column":3}},"type":"if","locations":[{"start":{"line":76,"column":2},"end":{"line":78,"column":3}},{"start":{"line":76,"column":2},"end":{"line":78,"column":3}}],"line":76},"6":{"loc":{"start":{"line":85,"column":2},"end":{"line":87,"column":3}},"type":"if","locations":[{"start":{"line":85,"column":2},"end":{"line":87,"column":3}},{"start":{"line":85,"column":2},"end":{"line":87,"column":3}}],"line":85},"7":{"loc":{"start":{"line":90,"column":2},"end":{"line":92,"column":3}},"type":"if","locations":[{"start":{"line":90,"column":2},"end":{"line":92,"column":3}},{"start":{"line":90,"column":2},"end":{"line":92,"column":3}}],"line":90},"8":{"loc":{"start":{"line":110,"column":2},"end":{"line":112,"column":3}},"type":"if","locations":[{"start":{"line":110,"column":2},"end":{"line":112,"column":3}},{"start":{"line":110,"column":2},"end":{"line":112,"column":3}}],"line":110},"9":{"loc":{"start":{"line":116,"column":2},"end":{"line":118,"column":3}},"type":"if","locations":[{"start":{"line":116,"column":2},"end":{"line":118,"column":3}},{"start":{"line":116,"column":2},"end":{"line":118,"column":3}}],"line":116}},"s":{"0":1,"1":1,"2":1,"3":1,"4":1,"5":1,"6":1,"7":0,"8":1,"9":1,"10":1,"11":1,"12":1,"13":0,"14":1,"15":1,"16":1,"17":0,"18":1,"19":1,"20":1,"21":1,"22":1,"23":1,"24":0,"25":1,"26":1,"27":0,"28":1,"29":1,"30":1,"31":1,"32":1,"33":0,"34":1,"35":1,"36":1,"37":1,"38":1,"39":1,"40":0,"41":1,"42":1,"43":0,"44":1,"45":1,"46":1,"47":1,"48":1,"49":0,"50":1,"51":1,"52":1,"53":1,"54":0,"55":1,"56":1,"57":1,"58":1},"f":{"0":1,"1":1,"2":1,"3":1,"4":1,"5":1},"b":{"0":[0,1],"1":[0,1],"2":[0,1],"3":[0,1],"4":[0,1],"5":[0,1],"6":[0,1],"7":[0,1],"8":[0,1],"9":[0,1]},"_coverageSchema":"332fd63041d2c1bcb487cc26dd0d5f7d97098a6c","hash":"f8ddb08314b92dc4229d9de12c7681e47586b64d"}
,"C:\\WWWR00T\\otus\\repo\\homework-6\\src\\queries.js": {"path":"C:\\WWWR00T\\otus\\repo\\homework-6\\src\\queries.js","statementMap":{"0":{"start":{"line":5,"column":44},"end":{"line":5,"column":68}},"1":{"start":{"line":6,"column":33},"end":{"line":6,"column":51}},"2":{"start":{"line":9,"column":16},"end":{"line":9,"column":26}},"3":{"start":{"line":10,"column":19},"end":{"line":10,"column":32}},"4":{"start":{"line":11,"column":19},"end":{"line":11,"column":77}},"5":{"start":{"line":12,"column":2},"end":{"line":14,"column":3}},"6":{"start":{"line":13,"column":4},"end":{"line":13,"column":25}},"7":{"start":{"line":18,"column":2},"end":{"line":22,"column":3}},"8":{"start":{"line":19,"column":4},"end":{"line":19,"column":23}},"9":{"start":{"line":21,"column":4},"end":{"line":21,"column":44}},"10":{"start":{"line":26,"column":2},"end":{"line":26,"column":28}},"11":{"start":{"line":31,"column":17},"end":{"line":32,"column":3}},"12":{"start":{"line":33,"column":2},"end":{"line":49,"column":3}},"13":{"start":{"line":34,"column":4},"end":{"line":36,"column":5}},"14":{"start":{"line":35,"column":6},"end":{"line":35,"column":57}},"15":{"start":{"line":37,"column":4},"end":{"line":39,"column":5}},"16":{"start":{"line":38,"column":6},"end":{"line":38,"column":48}},"17":{"start":{"line":40,"column":4},"end":{"line":48,"column":5}},"18":{"start":{"line":41,"column":6},"end":{"line":41,"column":23}},"19":{"start":{"line":42,"column":6},"end":{"line":44,"column":7}},"20":{"start":{"line":43,"column":8},"end":{"line":43,"column":48}},"21":{"start":{"line":45,"column":6},"end":{"line":47,"column":7}},"22":{"start":{"line":46,"column":8},"end":{"line":46,"column":48}},"23":{"start":{"line":50,"column":2},"end":{"line":50,"column":15}},"24":{"start":{"line":54,"column":17},"end":{"line":54,"column":41}},"25":{"start":{"line":55,"column":15},"end":{"line":55,"column":17}},"26":{"start":{"line":56,"column":2},"end":{"line":58,"column":3}},"27":{"start":{"line":57,"column":4},"end":{"line":57,"column":60}},"28":{"start":{"line":59,"column":19},"end":{"line":64,"column":11}},"29":{"start":{"line":65,"column":2},"end":{"line":77,"column":3}},"30":{"start":{"line":66,"column":21},"end":{"line":66,"column":71}},"31":{"start":{"line":67,"column":4},"end":{"line":70,"column":6}},"32":{"start":{"line":68,"column":6},"end":{"line":68,"column":30}},"33":{"start":{"line":69,"column":6},"end":{"line":69,"column":17}},"34":{"start":{"line":72,"column":20},"end":{"line":72,"column":45}},"35":{"start":{"line":73,"column":4},"end":{"line":76,"column":6}},"36":{"start":{"line":74,"column":6},"end":{"line":74,"column":66}},"37":{"start":{"line":74,"column":40},"end":{"line":74,"column":65}},"38":{"start":{"line":75,"column":6},"end":{"line":75,"column":17}},"39":{"start":{"line":81,"column":17},"end":{"line":81,"column":41}},"40":{"start":{"line":82,"column":2},"end":{"line":82,"column":31}},"41":{"start":{"line":86,"column":2},"end":{"line":86,"column":38}},"42":{"start":{"line":89,"column":0},"end":{"line":96,"column":1}}},"fnMap":{"0":{"name":"login","decl":{"start":{"line":8,"column":15},"end":{"line":8,"column":20}},"loc":{"start":{"line":8,"column":44},"end":{"line":15,"column":1}},"line":8},"1":{"name":"profile","decl":{"start":{"line":17,"column":15},"end":{"line":17,"column":22}},"loc":{"start":{"line":17,"column":46},"end":{"line":23,"column":1}},"line":17},"2":{"name":"getCategories","decl":{"start":{"line":25,"column":9},"end":{"line":25,"column":22}},"loc":{"start":{"line":25,"column":46},"end":{"line":27,"column":1}},"line":25},"3":{"name":"buildProductFilter","decl":{"start":{"line":30,"column":9},"end":{"line":30,"column":27}},"loc":{"start":{"line":30,"column":34},"end":{"line":51,"column":1}},"line":30},"4":{"name":"getProducts","decl":{"start":{"line":53,"column":15},"end":{"line":53,"column":26}},"loc":{"start":{"line":53,"column":50},"end":{"line":78,"column":1}},"line":53},"5":{"name":"(anonymous_5)","decl":{"start":{"line":67,"column":24},"end":{"line":67,"column":25}},"loc":{"start":{"line":67,"column":32},"end":{"line":70,"column":5}},"line":67},"6":{"name":"(anonymous_6)","decl":{"start":{"line":73,"column":24},"end":{"line":73,"column":25}},"loc":{"start":{"line":73,"column":32},"end":{"line":76,"column":5}},"line":73},"7":{"name":"(anonymous_7)","decl":{"start":{"line":74,"column":35},"end":{"line":74,"column":36}},"loc":{"start":{"line":74,"column":40},"end":{"line":74,"column":65}},"line":74},"8":{"name":"countProducts","decl":{"start":{"line":80,"column":9},"end":{"line":80,"column":22}},"loc":{"start":{"line":80,"column":46},"end":{"line":83,"column":1}},"line":80},"9":{"name":"getOrder","decl":{"start":{"line":85,"column":9},"end":{"line":85,"column":17}},"loc":{"start":{"line":85,"column":41},"end":{"line":87,"column":1}},"line":85}},"branchMap":{"0":{"loc":{"start":{"line":12,"column":2},"end":{"line":14,"column":3}},"type":"if","locations":[{"start":{"line":12,"column":2},"end":{"line":14,"column":3}},{"start":{"line":12,"column":2},"end":{"line":14,"column":3}}],"line":12},"1":{"loc":{"start":{"line":18,"column":2},"end":{"line":22,"column":3}},"type":"if","locations":[{"start":{"line":18,"column":2},"end":{"line":22,"column":3}},{"start":{"line":18,"column":2},"end":{"line":22,"column":3}}],"line":18},"2":{"loc":{"start":{"line":33,"column":2},"end":{"line":49,"column":3}},"type":"if","locations":[{"start":{"line":33,"column":2},"end":{"line":49,"column":3}},{"start":{"line":33,"column":2},"end":{"line":49,"column":3}}],"line":33},"3":{"loc":{"start":{"line":33,"column":6},"end":{"line":33,"column":25}},"type":"binary-expr","locations":[{"start":{"line":33,"column":6},"end":{"line":33,"column":10}},{"start":{"line":33,"column":14},"end":{"line":33,"column":25}}],"line":33},"4":{"loc":{"start":{"line":34,"column":4},"end":{"line":36,"column":5}},"type":"if","locations":[{"start":{"line":34,"column":4},"end":{"line":36,"column":5}},{"start":{"line":34,"column":4},"end":{"line":36,"column":5}}],"line":34},"5":{"loc":{"start":{"line":37,"column":4},"end":{"line":39,"column":5}},"type":"if","locations":[{"start":{"line":37,"column":4},"end":{"line":39,"column":5}},{"start":{"line":37,"column":4},"end":{"line":39,"column":5}}],"line":37},"6":{"loc":{"start":{"line":40,"column":4},"end":{"line":48,"column":5}},"type":"if","locations":[{"start":{"line":40,"column":4},"end":{"line":48,"column":5}},{"start":{"line":40,"column":4},"end":{"line":48,"column":5}}],"line":40},"7":{"loc":{"start":{"line":40,"column":8},"end":{"line":40,"column":52}},"type":"binary-expr","locations":[{"start":{"line":40,"column":8},"end":{"line":40,"column":28}},{"start":{"line":40,"column":32},"end":{"line":40,"column":52}}],"line":40},"8":{"loc":{"start":{"line":42,"column":6},"end":{"line":44,"column":7}},"type":"if","locations":[{"start":{"line":42,"column":6},"end":{"line":44,"column":7}},{"start":{"line":42,"column":6},"end":{"line":44,"column":7}}],"line":42},"9":{"loc":{"start":{"line":45,"column":6},"end":{"line":47,"column":7}},"type":"if","locations":[{"start":{"line":45,"column":6},"end":{"line":47,"column":7}},{"start":{"line":45,"column":6},"end":{"line":47,"column":7}}],"line":45},"10":{"loc":{"start":{"line":56,"column":2},"end":{"line":58,"column":3}},"type":"if","locations":[{"start":{"line":56,"column":2},"end":{"line":58,"column":3}},{"start":{"line":56,"column":2},"end":{"line":58,"column":3}}],"line":56},"11":{"loc":{"start":{"line":56,"column":6},"end":{"line":56,"column":25}},"type":"binary-expr","locations":[{"start":{"line":56,"column":6},"end":{"line":56,"column":10}},{"start":{"line":56,"column":14},"end":{"line":56,"column":25}}],"line":56},"12":{"loc":{"start":{"line":57,"column":30},"end":{"line":57,"column":60}},"type":"cond-expr","locations":[{"start":{"line":57,"column":54},"end":{"line":57,"column":55}},{"start":{"line":57,"column":58},"end":{"line":57,"column":60}}],"line":57},"13":{"loc":{"start":{"line":65,"column":2},"end":{"line":77,"column":3}},"type":"if","locations":[{"start":{"line":65,"column":2},"end":{"line":77,"column":3}},{"start":{"line":65,"column":2},"end":{"line":77,"column":3}}],"line":65}},"s":{"0":1,"1":1,"2":2,"3":2,"4":2,"5":2,"6":1,"7":2,"8":1,"9":1,"10":1,"11":4,"12":4,"13":3,"14":1,"15":3,"16":1,"17":3,"18":0,"19":0,"20":0,"21":0,"22":0,"23":4,"24":3,"25":3,"26":3,"27":0,"28":3,"29":3,"30":0,"31":0,"32":0,"33":0,"34":3,"35":3,"36":20,"37":40,"38":20,"39":1,"40":1,"41":1,"42":1},"f":{"0":2,"1":2,"2":1,"3":4,"4":3,"5":0,"6":20,"7":40,"8":1,"9":1},"b":{"0":[1,1],"1":[1,1],"2":[3,1],"3":[4,4],"4":[1,2],"5":[1,2],"6":[0,3],"7":[3,3],"8":[0,0],"9":[0,0],"10":[0,3],"11":[3,3],"12":[0,0],"13":[0,3]},"_coverageSchema":"332fd63041d2c1bcb487cc26dd0d5f7d97098a6c","hash":"a0ebbc2ce4ad8953a0bef2a3b10fdc736391f934"}
,"C:\\WWWR00T\\otus\\repo\\homework-6\\src\\utils.js": {"path":"C:\\WWWR00T\\otus\\repo\\homework-6\\src\\utils.js","statementMap":{"0":{"start":{"line":4,"column":55},"end":{"line":4,"column":79}},"1":{"start":{"line":7,"column":2},"end":{"line":7,"column":43}},"2":{"start":{"line":11,"column":23},"end":{"line":11,"column":50}},"3":{"start":{"line":12,"column":31},"end":{"line":12,"column":66}},"4":{"start":{"line":13,"column":26},"end":{"line":13,"column":43}},"5":{"start":{"line":14,"column":48},"end":{"line":18,"column":4}},"6":{"start":{"line":19,"column":2},"end":{"line":24,"column":3}},"7":{"start":{"line":20,"column":4},"end":{"line":23,"column":6}},"8":{"start":{"line":21,"column":6},"end":{"line":21,"column":62}},"9":{"start":{"line":21,"column":40},"end":{"line":21,"column":61}},"10":{"start":{"line":22,"column":6},"end":{"line":22,"column":14}},"11":{"start":{"line":25,"column":2},"end":{"line":25,"column":14}},"12":{"start":{"line":28,"column":0},"end":{"line":31,"column":1}}},"fnMap":{"0":{"name":"findCustomerWithToken","decl":{"start":{"line":6,"column":15},"end":{"line":6,"column":36}},"loc":{"start":{"line":6,"column":44},"end":{"line":8,"column":1}},"line":6},"1":{"name":"getOrderWithProducts","decl":{"start":{"line":10,"column":15},"end":{"line":10,"column":35}},"loc":{"start":{"line":10,"column":40},"end":{"line":26,"column":1}},"line":10},"2":{"name":"(anonymous_2)","decl":{"start":{"line":20,"column":38},"end":{"line":20,"column":39}},"loc":{"start":{"line":20,"column":43},"end":{"line":23,"column":5}},"line":20},"3":{"name":"(anonymous_3)","decl":{"start":{"line":21,"column":35},"end":{"line":21,"column":36}},"loc":{"start":{"line":21,"column":40},"end":{"line":21,"column":61}},"line":21}},"branchMap":{"0":{"loc":{"start":{"line":19,"column":2},"end":{"line":24,"column":3}},"type":"if","locations":[{"start":{"line":19,"column":2},"end":{"line":24,"column":3}},{"start":{"line":19,"column":2},"end":{"line":24,"column":3}}],"line":19}},"s":{"0":3,"1":3,"2":6,"3":6,"4":6,"5":6,"6":6,"7":5,"8":2,"9":2,"10":2,"11":6,"12":3},"f":{"0":3,"1":6,"2":2,"3":2},"b":{"0":[5,1]},"_coverageSchema":"332fd63041d2c1bcb487cc26dd0d5f7d97098a6c","hash":"9eee1bac7da2b1e1990db1e2e43138c3340ffd82"}
}
