TN:
SF:C:\WWWR00T\otus\repo\homework-6\src\datasources.js
FNF:0
FNH:0
DA:9,4
DA:10,4
DA:11,4
DA:12,4
DA:13,4
DA:14,4
DA:16,4
DA:21,4
LF:8
LH:8
BRF:0
BRH:0
end_of_record
TN:
SF:C:\WWWR00T\otus\repo\homework-6\src\mutations.js
FN:8,register
FN:20,updateProfile
FN:33,createOrder
FN:45,addOrderProduct
FN:75,changeOrderProduct
FN:109,confirmOrder
FNF:6
FNH:6
FNDA:1,register
FNDA:1,updateProfile
FNDA:1,createOrder
FNDA:1,addOrderProduct
FNDA:1,changeOrderProduct
FNDA:1,confirmOrder
DA:4,1
DA:5,1
DA:6,1
DA:9,1
DA:16,1
DA:17,1
DA:21,1
DA:22,0
DA:24,1
DA:25,1
DA:26,1
DA:30,1
DA:34,1
DA:35,0
DA:37,1
DA:42,1
DA:46,1
DA:47,0
DA:49,1
DA:50,1
DA:51,1
DA:52,1
DA:54,1
DA:55,1
DA:56,0
DA:59,1
DA:60,1
DA:61,0
DA:63,1
DA:65,1
DA:71,1
DA:72,1
DA:76,1
DA:77,0
DA:79,1
DA:80,1
DA:81,1
DA:82,1
DA:84,1
DA:85,1
DA:86,0
DA:89,1
DA:90,1
DA:91,0
DA:93,1
DA:95,1
DA:101,1
DA:106,1
DA:110,1
DA:111,0
DA:113,1
DA:114,1
DA:115,1
DA:116,1
DA:117,0
DA:119,1
DA:120,1
DA:125,1
DA:128,1
LF:59
LH:49
BRDA:21,0,0,0
BRDA:21,0,1,1
BRDA:34,1,0,0
BRDA:34,1,1,1
BRDA:46,2,0,0
BRDA:46,2,1,1
BRDA:55,3,0,0
BRDA:55,3,1,1
BRDA:60,4,0,0
BRDA:60,4,1,1
BRDA:76,5,0,0
BRDA:76,5,1,1
BRDA:85,6,0,0
BRDA:85,6,1,1
BRDA:90,7,0,0
BRDA:90,7,1,1
BRDA:110,8,0,0
BRDA:110,8,1,1
BRDA:116,9,0,0
BRDA:116,9,1,1
BRF:20
BRH:10
end_of_record
TN:
SF:C:\WWWR00T\otus\repo\homework-6\src\queries.js
FN:8,login
FN:17,profile
FN:25,getCategories
FN:30,buildProductFilter
FN:53,getProducts
FN:67,(anonymous_5)
FN:73,(anonymous_6)
FN:74,(anonymous_7)
FN:80,countProducts
FN:85,getOrder
FNF:10
FNH:9
FNDA:2,login
FNDA:2,profile
FNDA:1,getCategories
FNDA:4,buildProductFilter
FNDA:3,getProducts
FNDA:0,(anonymous_5)
FNDA:20,(anonymous_6)
FNDA:40,(anonymous_7)
FNDA:1,countProducts
FNDA:1,getOrder
DA:5,1
DA:6,1
DA:9,2
DA:10,2
DA:11,2
DA:12,2
DA:13,1
DA:18,2
DA:19,1
DA:21,1
DA:26,1
DA:31,4
DA:33,4
DA:34,3
DA:35,1
DA:37,3
DA:38,1
DA:40,3
DA:41,0
DA:42,0
DA:43,0
DA:45,0
DA:46,0
DA:50,4
DA:54,3
DA:55,3
DA:56,3
DA:57,0
DA:59,3
DA:65,3
DA:66,0
DA:67,0
DA:68,0
DA:69,0
DA:72,3
DA:73,3
DA:74,40
DA:75,20
DA:81,1
DA:82,1
DA:86,1
DA:89,1
LF:42
LH:32
BRDA:12,0,0,1
BRDA:12,0,1,1
BRDA:18,1,0,1
BRDA:18,1,1,1
BRDA:33,2,0,3
BRDA:33,2,1,1
BRDA:33,3,0,4
BRDA:33,3,1,4
BRDA:34,4,0,1
BRDA:34,4,1,2
BRDA:37,5,0,1
BRDA:37,5,1,2
BRDA:40,6,0,0
BRDA:40,6,1,3
BRDA:40,7,0,3
BRDA:40,7,1,3
BRDA:42,8,0,0
BRDA:42,8,1,0
BRDA:45,9,0,0
BRDA:45,9,1,0
BRDA:56,10,0,0
BRDA:56,10,1,3
BRDA:56,11,0,3
BRDA:56,11,1,3
BRDA:57,12,0,0
BRDA:57,12,1,0
BRDA:65,13,0,0
BRDA:65,13,1,3
BRF:28
BRH:19
end_of_record
TN:
SF:C:\WWWR00T\otus\repo\homework-6\src\utils.js
FN:6,findCustomerWithToken
FN:10,getOrderWithProducts
FN:20,(anonymous_2)
FN:21,(anonymous_3)
FNF:4
FNH:4
FNDA:3,findCustomerWithToken
FNDA:6,getOrderWithProducts
FNDA:2,(anonymous_2)
FNDA:2,(anonymous_3)
DA:4,3
DA:7,3
DA:11,6
DA:12,6
DA:13,6
DA:14,6
DA:19,6
DA:20,5
DA:21,2
DA:22,2
DA:25,6
DA:28,3
LF:12
LH:12
BRDA:19,0,0,5
BRDA:19,0,1,1
BRF:2
BRH:2
end_of_record
